  Game_01.cpp
C:\Users\s232405\Desktop\reaction stuff\Maths4GamesAssessment\RaylibStarterCpp(1)\RaylibStarterCpp\RaylibStarterCPP\SceneObjects.h(3,10): warning C4067: unexpected tokens following preprocessor directive - expected a newline
C:\Users\s232405\Desktop\reaction stuff\Maths4GamesAssessment\RaylibStarterCpp(1)\RaylibStarterCpp\RaylibStarterCPP\SceneObjects.h(4,10): warning C4067: unexpected tokens following preprocessor directive - expected a newline
C:\Users\s232405\Desktop\reaction stuff\Maths4GamesAssessment\RaylibStarterCpp(1)\RaylibStarterCpp\RaylibStarterCPP\SceneObjects.h(5,10): warning C4067: unexpected tokens following preprocessor directive - expected a newline
C:\Users\s232405\Desktop\reaction stuff\Maths4GamesAssessment\RaylibStarterCpp(1)\RaylibStarterCpp\RaylibStarterCPP\SceneObjects.h(6,10): warning C4067: unexpected tokens following preprocessor directive - expected a newline
C:\Users\s232405\Desktop\reaction stuff\Maths4GamesAssessment\RaylibStarterCpp(1)\RaylibStarterCpp\RaylibStarterCPP\SpriteObjects.h(21,23): warning C4244: 'initializing': conversion from 'int' to 'float', possible loss of data
C:\Users\s232405\Desktop\reaction stuff\Maths4GamesAssessment\RaylibStarterCpp(1)\RaylibStarterCpp\RaylibStarterCPP\SpriteObjects.h(22,24): warning C4244: 'initializing': conversion from 'int' to 'float', possible loss of data
  main.cpp
C:\Users\s232405\Desktop\reaction stuff\Maths4GamesAssessment\RaylibStarterCpp(1)\RaylibStarterCpp\RaylibStarterCPP\SceneObjects.h(3,10): warning C4067: unexpected tokens following preprocessor directive - expected a newline
C:\Users\s232405\Desktop\reaction stuff\Maths4GamesAssessment\RaylibStarterCpp(1)\RaylibStarterCpp\RaylibStarterCPP\SceneObjects.h(4,10): warning C4067: unexpected tokens following preprocessor directive - expected a newline
C:\Users\s232405\Desktop\reaction stuff\Maths4GamesAssessment\RaylibStarterCpp(1)\RaylibStarterCpp\RaylibStarterCPP\SceneObjects.h(5,10): warning C4067: unexpected tokens following preprocessor directive - expected a newline
C:\Users\s232405\Desktop\reaction stuff\Maths4GamesAssessment\RaylibStarterCpp(1)\RaylibStarterCpp\RaylibStarterCPP\SceneObjects.h(6,10): warning C4067: unexpected tokens following preprocessor directive - expected a newline
C:\Users\s232405\Desktop\reaction stuff\Maths4GamesAssessment\RaylibStarterCpp(1)\RaylibStarterCpp\RaylibStarterCPP\SpriteObjects.h(21,23): warning C4244: 'initializing': conversion from 'int' to 'float', possible loss of data
C:\Users\s232405\Desktop\reaction stuff\Maths4GamesAssessment\RaylibStarterCpp(1)\RaylibStarterCpp\RaylibStarterCPP\SpriteObjects.h(22,24): warning C4244: 'initializing': conversion from 'int' to 'float', possible loss of data
  Program.cpp
  SceneObjects.cpp
C:\Users\s232405\Desktop\reaction stuff\Maths4GamesAssessment\RaylibStarterCpp(1)\RaylibStarterCpp\RaylibStarterCPP\SceneObjects.h(3,10): warning C4067: unexpected tokens following preprocessor directive - expected a newline
C:\Users\s232405\Desktop\reaction stuff\Maths4GamesAssessment\RaylibStarterCpp(1)\RaylibStarterCpp\RaylibStarterCPP\SceneObjects.h(4,10): warning C4067: unexpected tokens following preprocessor directive - expected a newline
C:\Users\s232405\Desktop\reaction stuff\Maths4GamesAssessment\RaylibStarterCpp(1)\RaylibStarterCpp\RaylibStarterCPP\SceneObjects.h(5,10): warning C4067: unexpected tokens following preprocessor directive - expected a newline
C:\Users\s232405\Desktop\reaction stuff\Maths4GamesAssessment\RaylibStarterCpp(1)\RaylibStarterCpp\RaylibStarterCPP\SceneObjects.h(6,10): warning C4067: unexpected tokens following preprocessor directive - expected a newline
C:\Users\s232405\Desktop\reaction stuff\Maths4GamesAssessment\RaylibStarterCpp(1)\RaylibStarterCpp\RaylibStarterCPP\SceneObjects.cpp(45,24): warning C4267: 'return': conversion from 'size_t' to 'int', possible loss of data
C:\Users\s232405\Desktop\reaction stuff\Maths4GamesAssessment\RaylibStarterCpp(1)\RaylibStarterCpp\RaylibStarterCPP\SceneObjects.cpp(59,31): warning C4390: ';': empty controlled statement found; is this the intent?
  SpriteObjects.cpp
C:\Users\s232405\Desktop\reaction stuff\Maths4GamesAssessment\RaylibStarterCpp(1)\RaylibStarterCpp\RaylibStarterCPP\SceneObjects.h(3,10): warning C4067: unexpected tokens following preprocessor directive - expected a newline
C:\Users\s232405\Desktop\reaction stuff\Maths4GamesAssessment\RaylibStarterCpp(1)\RaylibStarterCpp\RaylibStarterCPP\SceneObjects.h(4,10): warning C4067: unexpected tokens following preprocessor directive - expected a newline
C:\Users\s232405\Desktop\reaction stuff\Maths4GamesAssessment\RaylibStarterCpp(1)\RaylibStarterCpp\RaylibStarterCPP\SceneObjects.h(5,10): warning C4067: unexpected tokens following preprocessor directive - expected a newline
C:\Users\s232405\Desktop\reaction stuff\Maths4GamesAssessment\RaylibStarterCpp(1)\RaylibStarterCpp\RaylibStarterCPP\SceneObjects.h(6,10): warning C4067: unexpected tokens following preprocessor directive - expected a newline
C:\Users\s232405\Desktop\reaction stuff\Maths4GamesAssessment\RaylibStarterCpp(1)\RaylibStarterCpp\RaylibStarterCPP\SpriteObjects.h(21,23): warning C4244: 'initializing': conversion from 'int' to 'float', possible loss of data
C:\Users\s232405\Desktop\reaction stuff\Maths4GamesAssessment\RaylibStarterCpp(1)\RaylibStarterCpp\RaylibStarterCPP\SpriteObjects.h(22,24): warning C4244: 'initializing': conversion from 'int' to 'float', possible loss of data
C:\Users\s232405\Desktop\reaction stuff\Maths4GamesAssessment\RaylibStarterCpp(1)\RaylibStarterCpp\RaylibStarterCPP\SpriteObjects.cpp(7,17): warning C4244: '=': conversion from 'int' to 'float', possible loss of data
C:\Users\s232405\Desktop\reaction stuff\Maths4GamesAssessment\RaylibStarterCpp(1)\RaylibStarterCpp\RaylibStarterCPP\SpriteObjects.cpp(8,18): warning C4244: '=': conversion from 'int' to 'float', possible loss of data
  Generating Code...
  LINK : C:\Users\s232405\Desktop\reaction stuff\Maths4GamesAssessment\RaylibStarterCpp(1)\RaylibStarterCpp\bin\Debug\RaylibStarterCPP_db.exe not found or not built by the last incremental link; performing full link
raylib.lib(core.obj) : warning LNK4099: PDB '' was not found with 'raylib.lib(core.obj)' or at ''; linking object as if no debug info
raylib.lib(utils.obj) : warning LNK4099: PDB '' was not found with 'raylib.lib(utils.obj)' or at ''; linking object as if no debug info
raylib.lib(shapes.obj) : warning LNK4099: PDB '' was not found with 'raylib.lib(shapes.obj)' or at ''; linking object as if no debug info
raylib.lib(textures.obj) : warning LNK4099: PDB '' was not found with 'raylib.lib(textures.obj)' or at ''; linking object as if no debug info
raylib.lib(text.obj) : warning LNK4099: PDB '' was not found with 'raylib.lib(text.obj)' or at ''; linking object as if no debug info
raylib.lib(rglfw.obj) : warning LNK4099: PDB '' was not found with 'raylib.lib(rglfw.obj)' or at ''; linking object as if no debug info
  RaylibStarterCPP.vcxproj -> C:\Users\s232405\Desktop\reaction stuff\Maths4GamesAssessment\RaylibStarterCpp(1)\RaylibStarterCpp\bin\Debug\RaylibStarterCPP_db.exe
